# JRE version: OpenJDK Runtime Environment Microsoft-8902769 (17.0.10+7) (build 17.0.10+7-LTS)
# Java VM: OpenJDK 64-Bit Server VM Microsoft-8902769 (17.0.10+7-LTS, mixed mode, sharing, tiered, compressed oops, compressed class ptrs, g1 gc, windows-amd64)
GC Precious Log:
 CPUs: 8 total, 8 available
 Memory: 16122M
 Large Page Support: Disabled
 NUMA Support: Disabled
 Compressed Oops: Enabled (Zero based)
 Heap Region Size: 2M
 Heap Min Capacity: 8M
 Heap Initial Capacity: 252M
 Heap Max Capacity: 4032M
 Pre-touch: Disabled
 Parallel Workers: 8
 Concurrent Workers: 2
 Concurrent Refinement Workers: 8
 Periodic GC: Disabled
Heap:
 garbage-first heap   total 102400K, used 67530K [0x0000000704000000, 0x0000000800000000)
  region size 2048K, 11 young (22528K), 2 survivors (4096K)
 Metaspace       used 54755K, committed 55104K, reserved 1114112K
  class space    used 6595K, committed 6784K, reserved 1048576K
GC Heap History (20 events):
Event: 4.881 GC heap before
{Heap before GC invocations=1 (full 0):
 garbage-first heap   total 258048K, used 43743K [0x0000000704000000, 0x0000000800000000)
  region size 2048K, 20 young (40960K), 2 survivors (4096K)
 Metaspace       used 14533K, committed 14784K, reserved 1114112K
  class space    used 1657K, committed 1792K, reserved 1048576K
}
Event: 4.889 GC heap after
{Heap after GC invocations=2 (full 0):
 garbage-first heap   total 258048K, used 10279K [0x0000000704000000, 0x0000000800000000)
  region size 2048K, 3 young (6144K), 3 survivors (6144K)
 Metaspace       used 14533K, committed 14784K, reserved 1114112K
  class space    used 1657K, committed 1792K, reserved 1048576K
}
Event: 6.353 GC heap before
{Heap before GC invocations=2 (full 0):
 garbage-first heap   total 258048K, used 38951K [0x0000000704000000, 0x0000000800000000)
  region size 2048K, 16 young (32768K), 3 survivors (6144K)
 Metaspace       used 21245K, committed 21504K, reserved 1114112K
  class space    used 2738K, committed 2880K, reserved 1048576K
}
Event: 6.363 GC heap after
{Heap after GC invocations=3 (full 0):
 garbage-first heap   total 258048K, used 16715K [0x0000000704000000, 0x0000000800000000)
  region size 2048K, 5 young (10240K), 5 survivors (10240K)
 Metaspace       used 21245K, committed 21504K, reserved 1114112K
  class space    used 2738K, committed 2880K, reserved 1048576K
}
Event: 8.129 GC heap before
{Heap before GC invocations=4 (full 0):
 garbage-first heap   total 75776K, used 53579K [0x0000000704000000, 0x0000000800000000)
  region size 2048K, 22 young (45056K), 5 survivors (10240K)
 Metaspace       used 26552K, committed 26752K, reserved 1114112K
  class space    used 3561K, committed 3648K, reserved 1048576K
}
Event: 8.176 GC heap after
{Heap after GC invocations=5 (full 0):
 garbage-first heap   total 75776K, used 24698K [0x0000000704000000, 0x0000000800000000)
  region size 2048K, 3 young (6144K), 3 survivors (6144K)
 Metaspace       used 26552K, committed 26752K, reserved 1114112K
  class space    used 3561K, committed 3648K, reserved 1048576K
}
Event: 8.289 GC heap before
{Heap before GC invocations=5 (full 0):
 garbage-first heap   total 75776K, used 26746K [0x0000000704000000, 0x0000000800000000)
  region size 2048K, 4 young (8192K), 3 survivors (6144K)
 Metaspace       used 26748K, committed 27008K, reserved 1114112K
  class space    used 3579K, committed 3712K, reserved 1048576K
}
Event: 8.312 GC heap after
{Heap after GC invocations=6 (full 0):
 garbage-first heap   total 75776K, used 24194K [0x0000000704000000, 0x0000000800000000)
  region size 2048K, 1 young (2048K), 1 survivors (2048K)
 Metaspace       used 26748K, committed 27008K, reserved 1114112K
  class space    used 3579K, committed 3712K, reserved 1048576K
}
Event: 9.201 GC heap before
{Heap before GC invocations=6 (full 0):
 garbage-first heap   total 75776K, used 50818K [0x0000000704000000, 0x0000000800000000)
  region size 2048K, 14 young (28672K), 1 survivors (2048K)
 Metaspace       used 32318K, committed 32512K, reserved 1114112K
  class space    used 4085K, committed 4160K, reserved 1048576K
}
Event: 9.211 GC heap after
{Heap after GC invocations=7 (full 0):
 garbage-first heap   total 75776K, used 26144K [0x0000000704000000, 0x0000000800000000)
  region size 2048K, 2 young (4096K), 2 survivors (4096K)
 Metaspace       used 32318K, committed 32512K, reserved 1114112K
  class space    used 4085K, committed 4160K, reserved 1048576K
}
Event: 9.975 GC heap before
{Heap before GC invocations=7 (full 0):
 garbage-first heap   total 75776K, used 38432K [0x0000000704000000, 0x0000000800000000)
  region size 2048K, 9 young (18432K), 2 survivors (4096K)
 Metaspace       used 35756K, committed 35968K, reserved 1114112K
  class space    used 4439K, committed 4544K, reserved 1048576K
}
Event: 9.986 GC heap after
{Heap after GC invocations=8 (full 0):
 garbage-first heap   total 126976K, used 27199K [0x0000000704000000, 0x0000000800000000)
  region size 2048K, 1 young (2048K), 1 survivors (2048K)
 Metaspace       used 35756K, committed 35968K, reserved 1114112K
  class space    used 4439K, committed 4544K, reserved 1048576K
}
Event: 13.297 GC heap before
{Heap before GC invocations=9 (full 0):
 garbage-first heap   total 102400K, used 88639K [0x0000000704000000, 0x0000000800000000)
  region size 2048K, 30 young (61440K), 1 survivors (2048K)
 Metaspace       used 45125K, committed 45376K, reserved 1114112K
  class space    used 5633K, committed 5760K, reserved 1048576K
}
Event: 13.314 GC heap after
{Heap after GC invocations=10 (full 0):
 garbage-first heap   total 102400K, used 33306K [0x0000000704000000, 0x0000000800000000)
  region size 2048K, 3 young (6144K), 3 survivors (6144K)
 Metaspace       used 45125K, committed 45376K, reserved 1114112K
  class space    used 5633K, committed 5760K, reserved 1048576K
}
Event: 16.645 GC heap before
{Heap before GC invocations=10 (full 0):
 garbage-first heap   total 102400K, used 76314K [0x0000000704000000, 0x0000000800000000)
  region size 2048K, 24 young (49152K), 3 survivors (6144K)
 Metaspace       used 50332K, committed 50688K, reserved 1114112K
  class space    used 6214K, committed 6400K, reserved 1048576K
}
Event: 16.681 GC heap after
{Heap after GC invocations=11 (full 0):
 garbage-first heap   total 102400K, used 39444K [0x0000000704000000, 0x0000000800000000)
  region size 2048K, 3 young (6144K), 3 survivors (6144K)
 Metaspace       used 50332K, committed 50688K, reserved 1114112K
  class space    used 6214K, committed 6400K, reserved 1048576K
}
Event: 18.845 GC heap before
{Heap before GC invocations=11 (full 0):
 garbage-first heap   total 102400K, used 76308K [0x0000000704000000, 0x0000000800000000)
  region size 2048K, 21 young (43008K), 3 survivors (6144K)
 Metaspace       used 51500K, committed 51776K, reserved 1114112K
  class space    used 6251K, committed 6400K, reserved 1048576K
}
Event: 18.881 GC heap after
{Heap after GC invocations=12 (full 0):
 garbage-first heap   total 102400K, used 46154K [0x0000000704000000, 0x0000000800000000)
  region size 2048K, 3 young (6144K), 3 survivors (6144K)
 Metaspace       used 51500K, committed 51776K, reserved 1114112K
  class space    used 6251K, committed 6400K, reserved 1048576K
}
Event: 20.867 GC heap before
{Heap before GC invocations=12 (full 0):
 garbage-first heap   total 102400K, used 78922K [0x0000000704000000, 0x0000000800000000)
  region size 2048K, 19 young (38912K), 3 survivors (6144K)
 Metaspace       used 53157K, committed 53504K, reserved 1114112K
  class space    used 6427K, committed 6592K, reserved 1048576K
}
Event: 20.901 GC heap after
{Heap after GC invocations=13 (full 0):
 garbage-first heap   total 102400K, used 51146K [0x0000000704000000, 0x0000000800000000)
  region size 2048K, 2 young (4096K), 2 survivors (4096K)
 Metaspace       used 53157K, committed 53504K, reserved 1114112K
  class space    used 6427K, committed 6592K, reserved 1048576K
}

