# JRE version: OpenJDK Runtime Environment Microsoft-8902769 (17.0.10+7) (build 17.0.10+7-LTS)
# Java VM: OpenJDK 64-Bit Server VM Microsoft-8902769 (17.0.10+7-LTS, mixed mode, sharing, tiered, compressed oops, compressed class ptrs, g1 gc, windows-amd64)
GC Precious Log:
 CPUs: 8 total, 8 available
 Memory: 16122M
 Large Page Support: Disabled
 NUMA Support: Disabled
 Compressed Oops: Enabled (Zero based)
 Heap Region Size: 2M
 Heap Min Capacity: 8M
 Heap Initial Capacity: 252M
 Heap Max Capacity: 4032M
 Pre-touch: Disabled
 Parallel Workers: 8
 Concurrent Workers: 2
 Concurrent Refinement Workers: 8
 Periodic GC: Disabled
Heap:
 garbage-first heap   total 110592K, used 72171K [0x0000000704000000, 0x0000000800000000)
  region size 2048K, 11 young (22528K), 3 survivors (6144K)
 Metaspace       used 52173K, committed 52544K, reserved 1114112K
  class space    used 6159K, committed 6336K, reserved 1048576K
GC Heap History (20 events):
Event: 6.845 GC heap before
{Heap before GC invocations=2 (full 0):
 garbage-first heap   total 258048K, used 38982K [0x0000000704000000, 0x0000000800000000)
  region size 2048K, 16 young (32768K), 3 survivors (6144K)
 Metaspace       used 21335K, committed 21504K, reserved 1114112K
  class space    used 2733K, committed 2816K, reserved 1048576K
}
Event: 6.854 GC heap after
{Heap after GC invocations=3 (full 0):
 garbage-first heap   total 258048K, used 16743K [0x0000000704000000, 0x0000000800000000)
  region size 2048K, 5 young (10240K), 5 survivors (10240K)
 Metaspace       used 21335K, committed 21504K, reserved 1114112K
  class space    used 2733K, committed 2816K, reserved 1048576K
}
Event: 8.810 GC heap before
{Heap before GC invocations=4 (full 0):
 garbage-first heap   total 75776K, used 51559K [0x0000000704000000, 0x0000000800000000)
  region size 2048K, 22 young (45056K), 5 survivors (10240K)
 Metaspace       used 26726K, committed 26944K, reserved 1114112K
  class space    used 3545K, committed 3648K, reserved 1048576K
}
Event: 8.858 GC heap after
{Heap after GC invocations=5 (full 0):
 garbage-first heap   total 75776K, used 24405K [0x0000000704000000, 0x0000000800000000)
  region size 2048K, 3 young (6144K), 3 survivors (6144K)
 Metaspace       used 26726K, committed 26944K, reserved 1114112K
  class space    used 3545K, committed 3648K, reserved 1048576K
}
Event: 8.904 GC heap before
{Heap before GC invocations=5 (full 0):
 garbage-first heap   total 75776K, used 26453K [0x0000000704000000, 0x0000000800000000)
  region size 2048K, 4 young (8192K), 3 survivors (6144K)
 Metaspace       used 26794K, committed 27008K, reserved 1114112K
  class space    used 3547K, committed 3648K, reserved 1048576K
}
Event: 8.927 GC heap after
{Heap after GC invocations=6 (full 0):
 garbage-first heap   total 75776K, used 26133K [0x0000000704000000, 0x0000000800000000)
  region size 2048K, 1 young (2048K), 1 survivors (2048K)
 Metaspace       used 26794K, committed 27008K, reserved 1114112K
  class space    used 3547K, committed 3648K, reserved 1048576K
}
Event: 9.926 GC heap before
{Heap before GC invocations=6 (full 0):
 garbage-first heap   total 75776K, used 52757K [0x0000000704000000, 0x0000000800000000)
  region size 2048K, 14 young (28672K), 1 survivors (2048K)
 Metaspace       used 32126K, committed 32320K, reserved 1114112K
  class space    used 4026K, committed 4096K, reserved 1048576K
}
Event: 9.938 GC heap after
{Heap after GC invocations=7 (full 0):
 garbage-first heap   total 151552K, used 26759K [0x0000000704000000, 0x0000000800000000)
  region size 2048K, 2 young (4096K), 2 survivors (4096K)
 Metaspace       used 32126K, committed 32320K, reserved 1114112K
  class space    used 4026K, committed 4096K, reserved 1048576K
}
Event: 10.668 GC heap before
{Heap before GC invocations=7 (full 0):
 garbage-first heap   total 151552K, used 41095K [0x0000000704000000, 0x0000000800000000)
  region size 2048K, 10 young (20480K), 2 survivors (4096K)
 Metaspace       used 35784K, committed 36096K, reserved 1114112K
  class space    used 4407K, committed 4544K, reserved 1048576K
}
Event: 10.678 GC heap after
{Heap after GC invocations=8 (full 0):
 garbage-first heap   total 151552K, used 28030K [0x0000000704000000, 0x0000000800000000)
  region size 2048K, 3 young (6144K), 3 survivors (6144K)
 Metaspace       used 35784K, committed 36096K, reserved 1114112K
  class space    used 4407K, committed 4544K, reserved 1048576K
}
Event: 13.325 GC heap before
{Heap before GC invocations=9 (full 0):
 garbage-first heap   total 110592K, used 89470K [0x0000000704000000, 0x0000000800000000)
  region size 2048K, 32 young (65536K), 3 survivors (6144K)
 Metaspace       used 42045K, committed 42304K, reserved 1114112K
  class space    used 5097K, committed 5184K, reserved 1048576K
}
Event: 13.361 GC heap after
{Heap after GC invocations=10 (full 0):
 garbage-first heap   total 110592K, used 38141K [0x0000000704000000, 0x0000000800000000)
  region size 2048K, 4 young (8192K), 4 survivors (8192K)
 Metaspace       used 42045K, committed 42304K, reserved 1114112K
  class space    used 5097K, committed 5184K, reserved 1048576K
}
Event: 13.382 GC heap before
{Heap before GC invocations=10 (full 0):
 garbage-first heap   total 110592K, used 40189K [0x0000000704000000, 0x0000000800000000)
  region size 2048K, 5 young (10240K), 4 survivors (8192K)
 Metaspace       used 42045K, committed 42304K, reserved 1114112K
  class space    used 5097K, committed 5184K, reserved 1048576K
}
Event: 13.403 GC heap after
{Heap after GC invocations=11 (full 0):
 garbage-first heap   total 110592K, used 39676K [0x0000000704000000, 0x0000000800000000)
  region size 2048K, 1 young (2048K), 1 survivors (2048K)
 Metaspace       used 42045K, committed 42304K, reserved 1114112K
  class space    used 5097K, committed 5184K, reserved 1048576K
}
Event: 15.846 GC heap before
{Heap before GC invocations=11 (full 0):
 garbage-first heap   total 110592K, used 76540K [0x0000000704000000, 0x0000000800000000)
  region size 2048K, 20 young (40960K), 1 survivors (2048K)
 Metaspace       used 47967K, committed 48192K, reserved 1114112K
  class space    used 5813K, committed 5888K, reserved 1048576K
}
Event: 15.870 GC heap after
{Heap after GC invocations=12 (full 0):
 garbage-first heap   total 110592K, used 44359K [0x0000000704000000, 0x0000000800000000)
  region size 2048K, 3 young (6144K), 3 survivors (6144K)
 Metaspace       used 47967K, committed 48192K, reserved 1114112K
  class space    used 5813K, committed 5888K, reserved 1048576K
}
Event: 20.208 GC heap before
{Heap before GC invocations=12 (full 0):
 garbage-first heap   total 110592K, used 81223K [0x0000000704000000, 0x0000000800000000)
  region size 2048K, 21 young (43008K), 3 survivors (6144K)
 Metaspace       used 51402K, committed 51776K, reserved 1114112K
  class space    used 6067K, committed 6272K, reserved 1048576K
}
Event: 20.245 GC heap after
{Heap after GC invocations=13 (full 0):
 garbage-first heap   total 110592K, used 51043K [0x0000000704000000, 0x0000000800000000)
  region size 2048K, 3 young (6144K), 3 survivors (6144K)
 Metaspace       used 51402K, committed 51776K, reserved 1114112K
  class space    used 6067K, committed 6272K, reserved 1048576K
}
Event: 21.809 GC heap before
{Heap before GC invocations=13 (full 0):
 garbage-first heap   total 110592K, used 83811K [0x0000000704000000, 0x0000000800000000)
  region size 2048K, 19 young (38912K), 3 survivors (6144K)
 Metaspace       used 51723K, committed 52032K, reserved 1114112K
  class space    used 6103K, committed 6272K, reserved 1048576K
}
Event: 21.849 GC heap after
{Heap after GC invocations=14 (full 0):
 garbage-first heap   total 110592K, used 57835K [0x0000000704000000, 0x0000000800000000)
  region size 2048K, 3 young (6144K), 3 survivors (6144K)
 Metaspace       used 51723K, committed 52032K, reserved 1114112K
  class space    used 6103K, committed 6272K, reserved 1048576K
}

